<<<<<<< HEAD
[2018-01-03 13:02:44] slim.WARNING: Token not found [] []
[2018-01-03 13:07:33] slim.WARNING: Token not found [] []
[2018-01-03 13:17:12] slim.DEBUG: Using token from environment [] []
[2018-01-03 13:17:12] slim.WARNING: Cannot handle token prior to 2018-01-03T15:16:32+0100 ["eyJ0eXAiOiJKV1QiLCJhbGciOiJIUzI1NiJ9.eyJqdGkiOnt9LCJpYXQiOjE1MTQ5ODE3OTIsIm5iZiI6MTUxNDk4ODk5Mn0.B7lgwrGz57jPpCIf-ePVteHH2f243H6XbDodT9Hh3us"] []
[2018-01-03 13:17:25] slim.DEBUG: Using token from environment [] []
[2018-01-03 13:17:25] slim.WARNING: Cannot handle token prior to 2018-01-03T15:16:32+0100 ["eyJ0eXAiOiJKV1QiLCJhbGciOiJIUzI1NiJ9.eyJqdGkiOnt9LCJpYXQiOjE1MTQ5ODE3OTIsIm5iZiI6MTUxNDk4ODk5Mn0.B7lgwrGz57jPpCIf-ePVteHH2f243H6XbDodT9Hh3us"] []
[2018-01-03 13:18:31] slim.DEBUG: Using token from environment [] []
[2018-01-03 13:18:31] slim.WARNING: Cannot handle token prior to 2018-01-03T15:16:32+0100 ["eyJ0eXAiOiJKV1QiLCJhbGciOiJIUzI1NiJ9.eyJqdGkiOnt9LCJpYXQiOjE1MTQ5ODE3OTIsIm5iZiI6MTUxNDk4ODk5Mn0.B7lgwrGz57jPpCIf-ePVteHH2f243H6XbDodT9Hh3us"] []
[2018-01-03 13:20:04] slim.DEBUG: Using token from environment [] []
[2018-01-03 13:20:04] slim.WARNING: Cannot handle token prior to 2018-01-03T15:16:32+0100 ["eyJ0eXAiOiJKV1QiLCJhbGciOiJIUzI1NiJ9.eyJqdGkiOnt9LCJpYXQiOjE1MTQ5ODE3OTIsIm5iZiI6MTUxNDk4ODk5Mn0.B7lgwrGz57jPpCIf-ePVteHH2f243H6XbDodT9Hh3us"] []
[2018-01-03 13:20:12] slim.DEBUG: Using token from environment [] []
[2018-01-03 13:20:12] slim.WARNING: Cannot handle token prior to 2018-01-03T15:20:01+0100 ["eyJ0eXAiOiJKV1QiLCJhbGciOiJIUzI1NiJ9.eyJqdGkiOnt9LCJpYXQiOjE1MTQ5ODIwMDEsIm5iZiI6MTUxNDk4OTIwMX0.-g5TGEDthahOaZJsJAw7u8PDgWjbV8K5BfpHxLflmyE"] []
[2018-01-03 13:20:50] slim.DEBUG: Using token from environment [] []
[2018-01-03 13:20:50] slim.WARNING: Cannot handle token prior to 2018-01-03T15:20:01+0100 ["eyJ0eXAiOiJKV1QiLCJhbGciOiJIUzI1NiJ9.eyJqdGkiOnt9LCJpYXQiOjE1MTQ5ODIwMDEsIm5iZiI6MTUxNDk4OTIwMX0.-g5TGEDthahOaZJsJAw7u8PDgWjbV8K5BfpHxLflmyE"] []
[2018-01-03 13:22:55] slim.DEBUG: Using token from environment [] []
[2018-01-03 13:22:55] slim.WARNING: Cannot handle token prior to 2018-01-03T15:20:01+0100 ["eyJ0eXAiOiJKV1QiLCJhbGciOiJIUzI1NiJ9.eyJqdGkiOnt9LCJpYXQiOjE1MTQ5ODIwMDEsIm5iZiI6MTUxNDk4OTIwMX0.-g5TGEDthahOaZJsJAw7u8PDgWjbV8K5BfpHxLflmyE"] []
[2018-01-03 13:23:18] slim.DEBUG: Using token from environment [] []
[2018-01-03 13:23:18] slim.WARNING: Cannot handle token prior to 2018-01-03T15:22:48+0100 ["eyJ0eXAiOiJKV1QiLCJhbGciOiJIUzI1NiJ9.eyJqdGkiOnt9LCJpYXQiOjE1MTQ5ODIxNjgsIm5iZiI6MTUxNDk4OTM2OH0.iR3Tj4-a5RgRhISjTqLxS9DRQxaPIJQYzozxOVc7b9o"] []
[2018-01-03 13:29:30] slim.DEBUG: Using token from environment [] []
[2018-01-03 13:29:31] slim.WARNING: Cannot handle token prior to 2018-01-03T15:22:48+0100 ["eyJ0eXAiOiJKV1QiLCJhbGciOiJIUzI1NiJ9.eyJqdGkiOnt9LCJpYXQiOjE1MTQ5ODIxNjgsIm5iZiI6MTUxNDk4OTM2OH0.iR3Tj4-a5RgRhISjTqLxS9DRQxaPIJQYzozxOVc7b9o"] []
[2018-01-03 13:30:44] slim.DEBUG: Using token from environment [] []
[2018-01-03 13:30:44] slim.WARNING: Cannot handle token prior to 2018-01-03T15:22:48+0100 ["eyJ0eXAiOiJKV1QiLCJhbGciOiJIUzI1NiJ9.eyJqdGkiOnt9LCJpYXQiOjE1MTQ5ODIxNjgsIm5iZiI6MTUxNDk4OTM2OH0.iR3Tj4-a5RgRhISjTqLxS9DRQxaPIJQYzozxOVc7b9o"] []
[2018-01-03 13:30:52] slim.DEBUG: Using token from environment [] []
[2018-01-03 13:30:52] slim.WARNING: Cannot handle token prior to 2018-01-03T15:22:48+0100 ["eyJ0eXAiOiJKV1QiLCJhbGciOiJIUzI1NiJ9.eyJqdGkiOnt9LCJpYXQiOjE1MTQ5ODIxNjgsIm5iZiI6MTUxNDk4OTM2OH0.iR3Tj4-a5RgRhISjTqLxS9DRQxaPIJQYzozxOVc7b9o"] []
[2018-01-03 13:30:52] slim.DEBUG: Using token from environment [] []
[2018-01-03 13:30:52] slim.WARNING: Cannot handle token prior to 2018-01-03T15:22:48+0100 ["eyJ0eXAiOiJKV1QiLCJhbGciOiJIUzI1NiJ9.eyJqdGkiOnt9LCJpYXQiOjE1MTQ5ODIxNjgsIm5iZiI6MTUxNDk4OTM2OH0.iR3Tj4-a5RgRhISjTqLxS9DRQxaPIJQYzozxOVc7b9o"] []
=======
>>>>>>> fc8106df357b27df4b94eae0348f028d43f8ce20
